Traceback (most recent call last):
  File "/home/pvosekui/povalogistics.pl.auremove.com/courier/passenger_wsgi.py", line 5, in <module>
    from courier.wsgi import application
  File "/home/pvosekui/povalogistics.pl.auremove.com/courier/courier/wsgi.py", line 16, in <module>
    application = get_wsgi_application()
  File "/home/pvosekui/virtualenv/povalogistics.pl.auremove.com/courier/3.8/lib/python3.8/site-packages/django/core/wsgi.py", line 12, in get_wsgi_application
    django.setup(set_prefix=False)
  File "/home/pvosekui/virtualenv/povalogistics.pl.auremove.com/courier/3.8/lib/python3.8/site-packages/django/__init__.py", line 24, in setup
    apps.populate(settings.INSTALLED_APPS)
  File "/home/pvosekui/virtualenv/povalogistics.pl.auremove.com/courier/3.8/lib/python3.8/site-packages/django/apps/registry.py", line 91, in populate
    app_config = AppConfig.create(entry)
  File "/home/pvosekui/virtualenv/povalogistics.pl.auremove.com/courier/3.8/lib/python3.8/site-packages/django/apps/config.py", line 193, in create
    import_module(entry)
  File "/opt/alt/python38/lib64/python3.8/importlib/__init__.py", line 127, in import_module
    return _bootstrap._gcd_import(name[level:], package, level)
ModuleNotFoundError: No module named 'rest_framework'
Traceback (most recent call last):
  File "/home/pvosekui/povalogistics.pl.auremove.com/courier/passenger_wsgi.py", line 5, in <module>
    from courier.wsgi import application
  File "/home/pvosekui/povalogistics.pl.auremove.com/courier/courier/wsgi.py", line 16, in <module>
    application = get_wsgi_application()
  File "/home/pvosekui/virtualenv/povalogistics.pl.auremove.com/courier/3.8/lib/python3.8/site-packages/django/core/wsgi.py", line 12, in get_wsgi_application
    django.setup(set_prefix=False)
  File "/home/pvosekui/virtualenv/povalogistics.pl.auremove.com/courier/3.8/lib/python3.8/site-packages/django/__init__.py", line 24, in setup
    apps.populate(settings.INSTALLED_APPS)
  File "/home/pvosekui/virtualenv/povalogistics.pl.auremove.com/courier/3.8/lib/python3.8/site-packages/django/apps/registry.py", line 83, in populate
    raise RuntimeError("populate() isn't reentrant")
RuntimeError: populate() isn't reentrant
[UID:1117][3176128] Child process with pid: 3176460 was killed by signal: 15, core dump: 0
/home/pvosekui/povalogistics.pl.auremove.com/courier/tracking/static
Traceback (most recent call last):
  File "/home/pvosekui/povalogistics.pl.auremove.com/courier/passenger_wsgi.py", line 5, in <module>
    from courier.wsgi import application
  File "/home/pvosekui/povalogistics.pl.auremove.com/courier/courier/wsgi.py", line 16, in <module>
    application = get_wsgi_application()
  File "/home/pvosekui/virtualenv/povalogistics.pl.auremove.com/courier/3.8/lib/python3.8/site-packages/django/core/wsgi.py", line 12, in get_wsgi_application
    django.setup(set_prefix=False)
  File "/home/pvosekui/virtualenv/povalogistics.pl.auremove.com/courier/3.8/lib/python3.8/site-packages/django/__init__.py", line 24, in setup
    apps.populate(settings.INSTALLED_APPS)
  File "/home/pvosekui/virtualenv/povalogistics.pl.auremove.com/courier/3.8/lib/python3.8/site-packages/django/apps/registry.py", line 91, in populate
    app_config = AppConfig.create(entry)
  File "/home/pvosekui/virtualenv/povalogistics.pl.auremove.com/courier/3.8/lib/python3.8/site-packages/django/apps/config.py", line 193, in create
    import_module(entry)
  File "/opt/alt/python38/lib64/python3.8/importlib/__init__.py", line 127, in import_module
    return _bootstrap._gcd_import(name[level:], package, level)
ModuleNotFoundError: No module named 'rest_framework'
Traceback (most recent call last):
  File "/home/pvosekui/povalogistics.pl.auremove.com/courier/passenger_wsgi.py", line 5, in <module>
    from courier.wsgi import application
  File "/home/pvosekui/povalogistics.pl.auremove.com/courier/courier/wsgi.py", line 16, in <module>
    application = get_wsgi_application()
  File "/home/pvosekui/virtualenv/povalogistics.pl.auremove.com/courier/3.8/lib/python3.8/site-packages/django/core/wsgi.py", line 12, in get_wsgi_application
    django.setup(set_prefix=False)
  File "/home/pvosekui/virtualenv/povalogistics.pl.auremove.com/courier/3.8/lib/python3.8/site-packages/django/__init__.py", line 24, in setup
    apps.populate(settings.INSTALLED_APPS)
  File "/home/pvosekui/virtualenv/povalogistics.pl.auremove.com/courier/3.8/lib/python3.8/site-packages/django/apps/registry.py", line 83, in populate
    raise RuntimeError("populate() isn't reentrant")
RuntimeError: populate() isn't reentrant
[UID:1117][3202839] Child process with pid: 3203163 was killed by signal: 15, core dump: 0
/home/pvosekui/povalogistics.pl.auremove.com/courier/tracking/static
Traceback (most recent call last):
  File "/home/pvosekui/povalogistics.pl.auremove.com/courier/passenger_wsgi.py", line 11, in <module>
    application = get_wsgi_application()
  File "/home/pvosekui/virtualenv/povalogistics.pl.auremove.com/courier/3.9/lib/python3.9/site-packages/django/core/wsgi.py", line 12, in get_wsgi_application
    django.setup(set_prefix=False)
  File "/home/pvosekui/virtualenv/povalogistics.pl.auremove.com/courier/3.9/lib/python3.9/site-packages/django/__init__.py", line 24, in setup
    apps.populate(settings.INSTALLED_APPS)
  File "/home/pvosekui/virtualenv/povalogistics.pl.auremove.com/courier/3.9/lib/python3.9/site-packages/django/apps/registry.py", line 91, in populate
    app_config = AppConfig.create(entry)
  File "/home/pvosekui/virtualenv/povalogistics.pl.auremove.com/courier/3.9/lib/python3.9/site-packages/django/apps/config.py", line 193, in create
    import_module(entry)
  File "/opt/alt/python39/lib64/python3.9/importlib/__init__.py", line 127, in import_module
    return _bootstrap._gcd_import(name[level:], package, level)
  File "<frozen importlib._bootstrap>", line 1030, in _gcd_import
  File "<frozen importlib._bootstrap>", line 1007, in _find_and_load
  File "<frozen importlib._bootstrap>", line 984, in _find_and_load_unlocked
ModuleNotFoundError: No module named 'rest_framework'
Traceback (most recent call last):
  File "/home/pvosekui/povalogistics.pl.auremove.com/courier/passenger_wsgi.py", line 11, in <module>
    application = get_wsgi_application()
  File "/home/pvosekui/virtualenv/povalogistics.pl.auremove.com/courier/3.9/lib/python3.9/site-packages/django/core/wsgi.py", line 12, in get_wsgi_application
    django.setup(set_prefix=False)
  File "/home/pvosekui/virtualenv/povalogistics.pl.auremove.com/courier/3.9/lib/python3.9/site-packages/django/__init__.py", line 24, in setup
    apps.populate(settings.INSTALLED_APPS)
  File "/home/pvosekui/virtualenv/povalogistics.pl.auremove.com/courier/3.9/lib/python3.9/site-packages/django/apps/registry.py", line 83, in populate
    raise RuntimeError("populate() isn't reentrant")
RuntimeError: populate() isn't reentrant
[UID:1117][3520405] Child process with pid: 3520698 was killed by signal: 15, core dumped: no
Traceback (most recent call last):
  File "/home/pvosekui/povalogistics.pl.auremove.com/courier/passenger_wsgi.py", line 11, in <module>
    application = get_wsgi_application()
  File "/home/pvosekui/virtualenv/povalogistics.pl.auremove.com/courier/3.9/lib/python3.9/site-packages/django/core/wsgi.py", line 12, in get_wsgi_application
    django.setup(set_prefix=False)
  File "/home/pvosekui/virtualenv/povalogistics.pl.auremove.com/courier/3.9/lib/python3.9/site-packages/django/__init__.py", line 24, in setup
    apps.populate(settings.INSTALLED_APPS)
  File "/home/pvosekui/virtualenv/povalogistics.pl.auremove.com/courier/3.9/lib/python3.9/site-packages/django/apps/registry.py", line 83, in populate
    raise RuntimeError("populate() isn't reentrant")
RuntimeError: populate() isn't reentrant
[UID:1117][3520405] Child process with pid: 3520925 was killed by signal: 15, core dumped: no
Traceback (most recent call last):
  File "/home/pvosekui/povalogistics.pl.auremove.com/courier/passenger_wsgi.py", line 11, in <module>
    application = get_wsgi_application()
  File "/home/pvosekui/virtualenv/povalogistics.pl.auremove.com/courier/3.9/lib/python3.9/site-packages/django/core/wsgi.py", line 12, in get_wsgi_application
    django.setup(set_prefix=False)
  File "/home/pvosekui/virtualenv/povalogistics.pl.auremove.com/courier/3.9/lib/python3.9/site-packages/django/__init__.py", line 24, in setup
    apps.populate(settings.INSTALLED_APPS)
  File "/home/pvosekui/virtualenv/povalogistics.pl.auremove.com/courier/3.9/lib/python3.9/site-packages/django/apps/registry.py", line 83, in populate
    raise RuntimeError("populate() isn't reentrant")
RuntimeError: populate() isn't reentrant
[UID:1117][3520405] Child process with pid: 3521679 was killed by signal: 15, core dumped: no
Traceback (most recent call last):
  File "/home/pvosekui/povalogistics.pl.auremove.com/courier/passenger_wsgi.py", line 11, in <module>
    application = get_wsgi_application()
  File "/home/pvosekui/virtualenv/povalogistics.pl.auremove.com/courier/3.9/lib/python3.9/site-packages/django/core/wsgi.py", line 12, in get_wsgi_application
    django.setup(set_prefix=False)
  File "/home/pvosekui/virtualenv/povalogistics.pl.auremove.com/courier/3.9/lib/python3.9/site-packages/django/__init__.py", line 24, in setup
    apps.populate(settings.INSTALLED_APPS)
  File "/home/pvosekui/virtualenv/povalogistics.pl.auremove.com/courier/3.9/lib/python3.9/site-packages/django/apps/registry.py", line 83, in populate
    raise RuntimeError("populate() isn't reentrant")
RuntimeError: populate() isn't reentrant
[UID:1117][3520405] Child process with pid: 3522755 was killed by signal: 15, core dumped: no
Traceback (most recent call last):
  File "/home/pvosekui/povalogistics.pl.auremove.com/courier/passenger_wsgi.py", line 11, in <module>
    application = get_wsgi_application()
  File "/home/pvosekui/virtualenv/povalogistics.pl.auremove.com/courier/3.9/lib/python3.9/site-packages/django/core/wsgi.py", line 12, in get_wsgi_application
    django.setup(set_prefix=False)
  File "/home/pvosekui/virtualenv/povalogistics.pl.auremove.com/courier/3.9/lib/python3.9/site-packages/django/__init__.py", line 24, in setup
    apps.populate(settings.INSTALLED_APPS)
  File "/home/pvosekui/virtualenv/povalogistics.pl.auremove.com/courier/3.9/lib/python3.9/site-packages/django/apps/registry.py", line 83, in populate
    raise RuntimeError("populate() isn't reentrant")
RuntimeError: populate() isn't reentrant
[UID:1117][3520405] Child process with pid: 3523518 was killed by signal: 15, core dumped: no
Traceback (most recent call last):
  File "/home/pvosekui/povalogistics.pl.auremove.com/courier/passenger_wsgi.py", line 11, in <module>
    application = get_wsgi_application()
  File "/home/pvosekui/virtualenv/povalogistics.pl.auremove.com/courier/3.9/lib/python3.9/site-packages/django/core/wsgi.py", line 12, in get_wsgi_application
    django.setup(set_prefix=False)
  File "/home/pvosekui/virtualenv/povalogistics.pl.auremove.com/courier/3.9/lib/python3.9/site-packages/django/__init__.py", line 24, in setup
    apps.populate(settings.INSTALLED_APPS)
  File "/home/pvosekui/virtualenv/povalogistics.pl.auremove.com/courier/3.9/lib/python3.9/site-packages/django/apps/registry.py", line 83, in populate
    raise RuntimeError("populate() isn't reentrant")
RuntimeError: populate() isn't reentrant
[UID:1117][3520405] Child process with pid: 3524956 was killed by signal: 15, core dumped: no
Traceback (most recent call last):
  File "/home/pvosekui/povalogistics.pl.auremove.com/courier/passenger_wsgi.py", line 11, in <module>
    application = get_wsgi_application()
  File "/home/pvosekui/virtualenv/povalogistics.pl.auremove.com/courier/3.9/lib/python3.9/site-packages/django/core/wsgi.py", line 12, in get_wsgi_application
    django.setup(set_prefix=False)
  File "/home/pvosekui/virtualenv/povalogistics.pl.auremove.com/courier/3.9/lib/python3.9/site-packages/django/__init__.py", line 24, in setup
    apps.populate(settings.INSTALLED_APPS)
  File "/home/pvosekui/virtualenv/povalogistics.pl.auremove.com/courier/3.9/lib/python3.9/site-packages/django/apps/registry.py", line 83, in populate
    raise RuntimeError("populate() isn't reentrant")
RuntimeError: populate() isn't reentrant
[UID:1117][3520405] Child process with pid: 3532376 was killed by signal: 15, core dumped: no
Traceback (most recent call last):
  File "/home/pvosekui/povalogistics.pl.auremove.com/courier/passenger_wsgi.py", line 11, in <module>
    application = get_wsgi_application()
  File "/home/pvosekui/virtualenv/povalogistics.pl.auremove.com/courier/3.9/lib/python3.9/site-packages/django/core/wsgi.py", line 12, in get_wsgi_application
    django.setup(set_prefix=False)
  File "/home/pvosekui/virtualenv/povalogistics.pl.auremove.com/courier/3.9/lib/python3.9/site-packages/django/__init__.py", line 24, in setup
    apps.populate(settings.INSTALLED_APPS)
  File "/home/pvosekui/virtualenv/povalogistics.pl.auremove.com/courier/3.9/lib/python3.9/site-packages/django/apps/registry.py", line 83, in populate
    raise RuntimeError("populate() isn't reentrant")
RuntimeError: populate() isn't reentrant
[UID:1117][3520405] Child process with pid: 3533426 was killed by signal: 15, core dumped: no
Traceback (most recent call last):
  File "/home/pvosekui/povalogistics.pl.auremove.com/courier/passenger_wsgi.py", line 11, in <module>
    application = get_wsgi_application()
  File "/home/pvosekui/virtualenv/povalogistics.pl.auremove.com/courier/3.9/lib/python3.9/site-packages/django/core/wsgi.py", line 12, in get_wsgi_application
    django.setup(set_prefix=False)
  File "/home/pvosekui/virtualenv/povalogistics.pl.auremove.com/courier/3.9/lib/python3.9/site-packages/django/__init__.py", line 24, in setup
    apps.populate(settings.INSTALLED_APPS)
  File "/home/pvosekui/virtualenv/povalogistics.pl.auremove.com/courier/3.9/lib/python3.9/site-packages/django/apps/registry.py", line 83, in populate
    raise RuntimeError("populate() isn't reentrant")
RuntimeError: populate() isn't reentrant
[UID:1117][3520405] Child process with pid: 3551634 was killed by signal: 15, core dumped: no
Traceback (most recent call last):
  File "/home/pvosekui/povalogistics.pl.auremove.com/courier/passenger_wsgi.py", line 11, in <module>
    application = get_wsgi_application()
  File "/home/pvosekui/virtualenv/povalogistics.pl.auremove.com/courier/3.9/lib/python3.9/site-packages/django/core/wsgi.py", line 12, in get_wsgi_application
    django.setup(set_prefix=False)
  File "/home/pvosekui/virtualenv/povalogistics.pl.auremove.com/courier/3.9/lib/python3.9/site-packages/django/__init__.py", line 24, in setup
    apps.populate(settings.INSTALLED_APPS)
  File "/home/pvosekui/virtualenv/povalogistics.pl.auremove.com/courier/3.9/lib/python3.9/site-packages/django/apps/registry.py", line 83, in populate
    raise RuntimeError("populate() isn't reentrant")
RuntimeError: populate() isn't reentrant
[UID:1117][3520405] Child process with pid: 3552375 was killed by signal: 15, core dumped: no
Traceback (most recent call last):
  File "/home/pvosekui/povalogistics.pl.auremove.com/courier/passenger_wsgi.py", line 11, in <module>
    application = get_wsgi_application()
  File "/home/pvosekui/virtualenv/povalogistics.pl.auremove.com/courier/3.9/lib/python3.9/site-packages/django/core/wsgi.py", line 12, in get_wsgi_application
    django.setup(set_prefix=False)
  File "/home/pvosekui/virtualenv/povalogistics.pl.auremove.com/courier/3.9/lib/python3.9/site-packages/django/__init__.py", line 24, in setup
    apps.populate(settings.INSTALLED_APPS)
  File "/home/pvosekui/virtualenv/povalogistics.pl.auremove.com/courier/3.9/lib/python3.9/site-packages/django/apps/registry.py", line 83, in populate
    raise RuntimeError("populate() isn't reentrant")
RuntimeError: populate() isn't reentrant
[UID:1117][3520405] Child process with pid: 3590696 was killed by signal: 15, core dumped: no
Traceback (most recent call last):
  File "/home/pvosekui/povalogistics.pl.auremove.com/courier/passenger_wsgi.py", line 11, in <module>
    application = get_wsgi_application()
  File "/home/pvosekui/virtualenv/povalogistics.pl.auremove.com/courier/3.9/lib/python3.9/site-packages/django/core/wsgi.py", line 12, in get_wsgi_application
    django.setup(set_prefix=False)
  File "/home/pvosekui/virtualenv/povalogistics.pl.auremove.com/courier/3.9/lib/python3.9/site-packages/django/__init__.py", line 24, in setup
    apps.populate(settings.INSTALLED_APPS)
  File "/home/pvosekui/virtualenv/povalogistics.pl.auremove.com/courier/3.9/lib/python3.9/site-packages/django/apps/registry.py", line 83, in populate
    raise RuntimeError("populate() isn't reentrant")
RuntimeError: populate() isn't reentrant
[UID:1117][3520405] Child process with pid: 3609275 was killed by signal: 15, core dumped: no
Traceback (most recent call last):
  File "/home/pvosekui/povalogistics.pl.auremove.com/courier/passenger_wsgi.py", line 11, in <module>
    application = get_wsgi_application()
  File "/home/pvosekui/virtualenv/povalogistics.pl.auremove.com/courier/3.9/lib/python3.9/site-packages/django/core/wsgi.py", line 12, in get_wsgi_application
    django.setup(set_prefix=False)
  File "/home/pvosekui/virtualenv/povalogistics.pl.auremove.com/courier/3.9/lib/python3.9/site-packages/django/__init__.py", line 24, in setup
    apps.populate(settings.INSTALLED_APPS)
  File "/home/pvosekui/virtualenv/povalogistics.pl.auremove.com/courier/3.9/lib/python3.9/site-packages/django/apps/registry.py", line 83, in populate
    raise RuntimeError("populate() isn't reentrant")
RuntimeError: populate() isn't reentrant
[UID:1117][3520405] Child process with pid: 3620154 was killed by signal: 15, core dumped: no
Traceback (most recent call last):
  File "/home/pvosekui/povalogistics.pl.auremove.com/courier/passenger_wsgi.py", line 11, in <module>
    application = get_wsgi_application()
  File "/home/pvosekui/virtualenv/povalogistics.pl.auremove.com/courier/3.9/lib/python3.9/site-packages/django/core/wsgi.py", line 12, in get_wsgi_application
    django.setup(set_prefix=False)
  File "/home/pvosekui/virtualenv/povalogistics.pl.auremove.com/courier/3.9/lib/python3.9/site-packages/django/__init__.py", line 24, in setup
    apps.populate(settings.INSTALLED_APPS)
  File "/home/pvosekui/virtualenv/povalogistics.pl.auremove.com/courier/3.9/lib/python3.9/site-packages/django/apps/registry.py", line 83, in populate
    raise RuntimeError("populate() isn't reentrant")
RuntimeError: populate() isn't reentrant
[UID:1117][3520405] Child process with pid: 3625297 was killed by signal: 15, core dumped: no
Traceback (most recent call last):
  File "/home/pvosekui/povalogistics.pl.auremove.com/courier/passenger_wsgi.py", line 11, in <module>
    application = get_wsgi_application()
  File "/home/pvosekui/virtualenv/povalogistics.pl.auremove.com/courier/3.9/lib/python3.9/site-packages/django/core/wsgi.py", line 12, in get_wsgi_application
    django.setup(set_prefix=False)
  File "/home/pvosekui/virtualenv/povalogistics.pl.auremove.com/courier/3.9/lib/python3.9/site-packages/django/__init__.py", line 24, in setup
    apps.populate(settings.INSTALLED_APPS)
  File "/home/pvosekui/virtualenv/povalogistics.pl.auremove.com/courier/3.9/lib/python3.9/site-packages/django/apps/registry.py", line 83, in populate
    raise RuntimeError("populate() isn't reentrant")
RuntimeError: populate() isn't reentrant
[UID:1117][3520405] Child process with pid: 3637337 was killed by signal: 15, core dumped: no
/home/pvosekui/povalogistics.pl.auremove.com/courier/tracking/static
Traceback (most recent call last):
  File "/home/pvosekui/povalogistics.pl.auremove.com/courier/passenger_wsgi.py", line 11, in <module>
    application = get_wsgi_application()
  File "/home/pvosekui/virtualenv/povalogistics.pl.auremove.com/courier/3.9/lib/python3.9/site-packages/django/core/wsgi.py", line 12, in get_wsgi_application
    django.setup(set_prefix=False)
  File "/home/pvosekui/virtualenv/povalogistics.pl.auremove.com/courier/3.9/lib/python3.9/site-packages/django/__init__.py", line 24, in setup
    apps.populate(settings.INSTALLED_APPS)
  File "/home/pvosekui/virtualenv/povalogistics.pl.auremove.com/courier/3.9/lib/python3.9/site-packages/django/apps/registry.py", line 91, in populate
    app_config = AppConfig.create(entry)
  File "/home/pvosekui/virtualenv/povalogistics.pl.auremove.com/courier/3.9/lib/python3.9/site-packages/django/apps/config.py", line 193, in create
    import_module(entry)
  File "/opt/alt/python39/lib64/python3.9/importlib/__init__.py", line 127, in import_module
    return _bootstrap._gcd_import(name[level:], package, level)
  File "<frozen importlib._bootstrap>", line 1030, in _gcd_import
  File "<frozen importlib._bootstrap>", line 1007, in _find_and_load
  File "<frozen importlib._bootstrap>", line 984, in _find_and_load_unlocked
ModuleNotFoundError: No module named 'rest_framework'
Traceback (most recent call last):
  File "/home/pvosekui/povalogistics.pl.auremove.com/courier/passenger_wsgi.py", line 11, in <module>
    application = get_wsgi_application()
  File "/home/pvosekui/virtualenv/povalogistics.pl.auremove.com/courier/3.9/lib/python3.9/site-packages/django/core/wsgi.py", line 12, in get_wsgi_application
    django.setup(set_prefix=False)
  File "/home/pvosekui/virtualenv/povalogistics.pl.auremove.com/courier/3.9/lib/python3.9/site-packages/django/__init__.py", line 24, in setup
    apps.populate(settings.INSTALLED_APPS)
  File "/home/pvosekui/virtualenv/povalogistics.pl.auremove.com/courier/3.9/lib/python3.9/site-packages/django/apps/registry.py", line 83, in populate
    raise RuntimeError("populate() isn't reentrant")
RuntimeError: populate() isn't reentrant
[UID:1117][3654326] Child process with pid: 3654619 was killed by signal: 15, core dumped: no
Traceback (most recent call last):
  File "/home/pvosekui/povalogistics.pl.auremove.com/courier/passenger_wsgi.py", line 11, in <module>
    application = get_wsgi_application()
  File "/home/pvosekui/virtualenv/povalogistics.pl.auremove.com/courier/3.9/lib/python3.9/site-packages/django/core/wsgi.py", line 12, in get_wsgi_application
    django.setup(set_prefix=False)
  File "/home/pvosekui/virtualenv/povalogistics.pl.auremove.com/courier/3.9/lib/python3.9/site-packages/django/__init__.py", line 24, in setup
    apps.populate(settings.INSTALLED_APPS)
  File "/home/pvosekui/virtualenv/povalogistics.pl.auremove.com/courier/3.9/lib/python3.9/site-packages/django/apps/registry.py", line 91, in populate
    app_config = AppConfig.create(entry)
  File "/home/pvosekui/virtualenv/povalogistics.pl.auremove.com/courier/3.9/lib/python3.9/site-packages/django/apps/config.py", line 193, in create
    import_module(entry)
  File "/opt/alt/python39/lib64/python3.9/importlib/__init__.py", line 127, in import_module
    return _bootstrap._gcd_import(name[level:], package, level)
  File "<frozen importlib._bootstrap>", line 1030, in _gcd_import
  File "<frozen importlib._bootstrap>", line 1007, in _find_and_load
  File "<frozen importlib._bootstrap>", line 984, in _find_and_load_unlocked
ModuleNotFoundError: No module named 'rest_framework'
Traceback (most recent call last):
  File "/home/pvosekui/povalogistics.pl.auremove.com/courier/passenger_wsgi.py", line 11, in <module>
    application = get_wsgi_application()
  File "/home/pvosekui/virtualenv/povalogistics.pl.auremove.com/courier/3.9/lib/python3.9/site-packages/django/core/wsgi.py", line 12, in get_wsgi_application
    django.setup(set_prefix=False)
  File "/home/pvosekui/virtualenv/povalogistics.pl.auremove.com/courier/3.9/lib/python3.9/site-packages/django/__init__.py", line 24, in setup
    apps.populate(settings.INSTALLED_APPS)
  File "/home/pvosekui/virtualenv/povalogistics.pl.auremove.com/courier/3.9/lib/python3.9/site-packages/django/apps/registry.py", line 83, in populate
    raise RuntimeError("populate() isn't reentrant")
RuntimeError: populate() isn't reentrant
[UID:1117][3654671] Child process with pid: 3654943 was killed by signal: 15, core dumped: no
Traceback (most recent call last):
  File "/home/pvosekui/povalogistics.pl.auremove.com/courier/passenger_wsgi.py", line 11, in <module>
    application = get_wsgi_application()
  File "/home/pvosekui/virtualenv/povalogistics.pl.auremove.com/courier/3.9/lib/python3.9/site-packages/django/core/wsgi.py", line 12, in get_wsgi_application
    django.setup(set_prefix=False)
  File "/home/pvosekui/virtualenv/povalogistics.pl.auremove.com/courier/3.9/lib/python3.9/site-packages/django/__init__.py", line 24, in setup
    apps.populate(settings.INSTALLED_APPS)
  File "/home/pvosekui/virtualenv/povalogistics.pl.auremove.com/courier/3.9/lib/python3.9/site-packages/django/apps/registry.py", line 83, in populate
    raise RuntimeError("populate() isn't reentrant")
RuntimeError: populate() isn't reentrant
[UID:1117][3654326] Child process with pid: 3655712 was killed by signal: 15, core dumped: no
/home/pvosekui/povalogistics.pl.auremove.com/courier/tracking/static
Traceback (most recent call last):
  File "/home/pvosekui/povalogistics.pl.auremove.com/courier/passenger_wsgi.py", line 11, in <module>
    application = get_wsgi_application()
  File "/home/pvosekui/virtualenv/povalogistics.pl.auremove.com/courier/3.9/lib/python3.9/site-packages/django/core/wsgi.py", line 12, in get_wsgi_application
    django.setup(set_prefix=False)
  File "/home/pvosekui/virtualenv/povalogistics.pl.auremove.com/courier/3.9/lib/python3.9/site-packages/django/__init__.py", line 24, in setup
    apps.populate(settings.INSTALLED_APPS)
  File "/home/pvosekui/virtualenv/povalogistics.pl.auremove.com/courier/3.9/lib/python3.9/site-packages/django/apps/registry.py", line 83, in populate
    raise RuntimeError("populate() isn't reentrant")
RuntimeError: populate() isn't reentrant
[UID:1117][3654326] Child process with pid: 3669830 was killed by signal: 15, core dumped: no
Traceback (most recent call last):
  File "/home/pvosekui/povalogistics.pl.auremove.com/courier/passenger_wsgi.py", line 11, in <module>
    application = get_wsgi_application()
  File "/home/pvosekui/virtualenv/povalogistics.pl.auremove.com/courier/3.9/lib/python3.9/site-packages/django/core/wsgi.py", line 12, in get_wsgi_application
    django.setup(set_prefix=False)
  File "/home/pvosekui/virtualenv/povalogistics.pl.auremove.com/courier/3.9/lib/python3.9/site-packages/django/__init__.py", line 24, in setup
    apps.populate(settings.INSTALLED_APPS)
  File "/home/pvosekui/virtualenv/povalogistics.pl.auremove.com/courier/3.9/lib/python3.9/site-packages/django/apps/registry.py", line 83, in populate
    raise RuntimeError("populate() isn't reentrant")
RuntimeError: populate() isn't reentrant
[UID:1117][3654326] Child process with pid: 3704230 was killed by signal: 15, core dumped: no
/home/pvosekui/povalogistics.pl.auremove.com/courier/tracking/static
Traceback (most recent call last):
  File "/home/pvosekui/povalogistics.pl.auremove.com/courier/passenger_wsgi.py", line 11, in <module>
    application = get_wsgi_application()
  File "/home/pvosekui/virtualenv/povalogistics.pl.auremove.com/courier/3.9/lib/python3.9/site-packages/django/core/wsgi.py", line 12, in get_wsgi_application
    django.setup(set_prefix=False)
  File "/home/pvosekui/virtualenv/povalogistics.pl.auremove.com/courier/3.9/lib/python3.9/site-packages/django/__init__.py", line 24, in setup
    apps.populate(settings.INSTALLED_APPS)
  File "/home/pvosekui/virtualenv/povalogistics.pl.auremove.com/courier/3.9/lib/python3.9/site-packages/django/apps/registry.py", line 91, in populate
    app_config = AppConfig.create(entry)
  File "/home/pvosekui/virtualenv/povalogistics.pl.auremove.com/courier/3.9/lib/python3.9/site-packages/django/apps/config.py", line 193, in create
    import_module(entry)
  File "/opt/alt/python39/lib64/python3.9/importlib/__init__.py", line 127, in import_module
    return _bootstrap._gcd_import(name[level:], package, level)
  File "<frozen importlib._bootstrap>", line 1030, in _gcd_import
  File "<frozen importlib._bootstrap>", line 1007, in _find_and_load
  File "<frozen importlib._bootstrap>", line 984, in _find_and_load_unlocked
ModuleNotFoundError: No module named 'rest_framework'
Traceback (most recent call last):
  File "/home/pvosekui/povalogistics.pl.auremove.com/courier/passenger_wsgi.py", line 11, in <module>
    application = get_wsgi_application()
  File "/home/pvosekui/virtualenv/povalogistics.pl.auremove.com/courier/3.9/lib/python3.9/site-packages/django/core/wsgi.py", line 12, in get_wsgi_application
    django.setup(set_prefix=False)
  File "/home/pvosekui/virtualenv/povalogistics.pl.auremove.com/courier/3.9/lib/python3.9/site-packages/django/__init__.py", line 24, in setup
    apps.populate(settings.INSTALLED_APPS)
  File "/home/pvosekui/virtualenv/povalogistics.pl.auremove.com/courier/3.9/lib/python3.9/site-packages/django/apps/registry.py", line 83, in populate
    raise RuntimeError("populate() isn't reentrant")
RuntimeError: populate() isn't reentrant
[UID:1117][3704309] Child process with pid: 3704571 was killed by signal: 15, core dumped: no
Traceback (most recent call last):
  File "/home/pvosekui/povalogistics.pl.auremove.com/courier/passenger_wsgi.py", line 11, in <module>
    application = get_wsgi_application()
  File "/home/pvosekui/virtualenv/povalogistics.pl.auremove.com/courier/3.9/lib/python3.9/site-packages/django/core/wsgi.py", line 12, in get_wsgi_application
    django.setup(set_prefix=False)
  File "/home/pvosekui/virtualenv/povalogistics.pl.auremove.com/courier/3.9/lib/python3.9/site-packages/django/__init__.py", line 24, in setup
    apps.populate(settings.INSTALLED_APPS)
  File "/home/pvosekui/virtualenv/povalogistics.pl.auremove.com/courier/3.9/lib/python3.9/site-packages/django/apps/registry.py", line 83, in populate
    raise RuntimeError("populate() isn't reentrant")
RuntimeError: populate() isn't reentrant
[UID:1117][3704309] Child process with pid: 3781071 was killed by signal: 15, core dumped: no
Traceback (most recent call last):
  File "/home/pvosekui/povalogistics.pl.auremove.com/courier/passenger_wsgi.py", line 11, in <module>
    application = get_wsgi_application()
  File "/home/pvosekui/virtualenv/povalogistics.pl.auremove.com/courier/3.9/lib/python3.9/site-packages/django/core/wsgi.py", line 12, in get_wsgi_application
    django.setup(set_prefix=False)
  File "/home/pvosekui/virtualenv/povalogistics.pl.auremove.com/courier/3.9/lib/python3.9/site-packages/django/__init__.py", line 24, in setup
    apps.populate(settings.INSTALLED_APPS)
  File "/home/pvosekui/virtualenv/povalogistics.pl.auremove.com/courier/3.9/lib/python3.9/site-packages/django/apps/registry.py", line 83, in populate
    raise RuntimeError("populate() isn't reentrant")
RuntimeError: populate() isn't reentrant
[UID:1117][3704309] Child process with pid: 3793180 was killed by signal: 15, core dumped: no
Traceback (most recent call last):
  File "/home/pvosekui/povalogistics.pl.auremove.com/courier/passenger_wsgi.py", line 11, in <module>
    application = get_wsgi_application()
  File "/home/pvosekui/virtualenv/povalogistics.pl.auremove.com/courier/3.9/lib/python3.9/site-packages/django/core/wsgi.py", line 12, in get_wsgi_application
    django.setup(set_prefix=False)
  File "/home/pvosekui/virtualenv/povalogistics.pl.auremove.com/courier/3.9/lib/python3.9/site-packages/django/__init__.py", line 24, in setup
    apps.populate(settings.INSTALLED_APPS)
  File "/home/pvosekui/virtualenv/povalogistics.pl.auremove.com/courier/3.9/lib/python3.9/site-packages/django/apps/registry.py", line 83, in populate
    raise RuntimeError("populate() isn't reentrant")
RuntimeError: populate() isn't reentrant
[UID:1117][3704309] Child process with pid: 3860829 was killed by signal: 15, core dumped: no
Traceback (most recent call last):
  File "/home/pvosekui/povalogistics.pl.auremove.com/courier/passenger_wsgi.py", line 11, in <module>
    application = get_wsgi_application()
  File "/home/pvosekui/virtualenv/povalogistics.pl.auremove.com/courier/3.9/lib/python3.9/site-packages/django/core/wsgi.py", line 12, in get_wsgi_application
    django.setup(set_prefix=False)
  File "/home/pvosekui/virtualenv/povalogistics.pl.auremove.com/courier/3.9/lib/python3.9/site-packages/django/__init__.py", line 24, in setup
    apps.populate(settings.INSTALLED_APPS)
  File "/home/pvosekui/virtualenv/povalogistics.pl.auremove.com/courier/3.9/lib/python3.9/site-packages/django/apps/registry.py", line 83, in populate
    raise RuntimeError("populate() isn't reentrant")
RuntimeError: populate() isn't reentrant
[UID:1117][3704309] Child process with pid: 3872115 was killed by signal: 15, core dumped: no
Traceback (most recent call last):
  File "/home/pvosekui/povalogistics.pl.auremove.com/courier/passenger_wsgi.py", line 11, in <module>
    application = get_wsgi_application()
  File "/home/pvosekui/virtualenv/povalogistics.pl.auremove.com/courier/3.9/lib/python3.9/site-packages/django/core/wsgi.py", line 12, in get_wsgi_application
    django.setup(set_prefix=False)
  File "/home/pvosekui/virtualenv/povalogistics.pl.auremove.com/courier/3.9/lib/python3.9/site-packages/django/__init__.py", line 24, in setup
    apps.populate(settings.INSTALLED_APPS)
  File "/home/pvosekui/virtualenv/povalogistics.pl.auremove.com/courier/3.9/lib/python3.9/site-packages/django/apps/registry.py", line 83, in populate
    raise RuntimeError("populate() isn't reentrant")
RuntimeError: populate() isn't reentrant
[UID:1117][3704309] Child process with pid: 3872797 was killed by signal: 15, core dumped: no
/home/pvosekui/povalogistics.pl.auremove.com/courier/tracking/static
Not Found: /courier/public/
/home/pvosekui/povalogistics.pl.auremove.com/courier/tracking/static
/home/pvosekui/povalogistics.pl.auremove.com/courier/tracking/static
/home/pvosekui/povalogistics.pl.auremove.com/courier/tracking/static
Not Found: /static/website/assets/css/bootstrap.min.css
Not Found: /static/website/assets/css/flaticon.css
Not Found: /static/website/assets/css/all-fontawesome.min.css
Not Found: /static/website/assets/css/animate.min.css
Not Found: /static/website/assets/css/owl.carousel.min.css
Not Found: /static/website/assets/css/style.css
Not Found: /cdn-cgi/scripts/5c5dd728/cloudflare-static/email-decode.min.html
Not Found: /static/website/assets/img/logo/logo.png
Not Found: /static/website/assets/img/logo/logo%20dark.png
Not Found: /assets/img/about/01.jpg
Not Found: /assets/img/about/shape.svg
Not Found: /assets/js/jquery-3.6.0.min.js
Not Found: /static/website/assets/js/jquery-3.6.0.min.js
Not Found: /static/website/assets/js/imagesloaded.pkgd.min.js
Not Found: /static/website/assets/js/jquery.magnific-popup.min.js
Not Found: /static/website/assets/js/bootstrap.bundle.min.js
Not Found: /static/website/assets/css/magnific-popup.min.css
Not Found: /assets/img/case/01.jpg
Not Found: /static/website/assets/js/modernizr.min.js
Not Found: /static/website/assets/js/isotope.pkgd.min.js
/home/pvosekui/povalogistics.pl.auremove.com/courier/tracking/static
/home/pvosekui/povalogistics.pl.auremove.com/courier/tracking/static
Not Found: /static/website/assets/js/jquery.easing.min.js
Not Found: /static/website/assets/js/wow.min.js
Not Found: /static/website/assets/js/owl.carousel.min.js
Not Found: /static/website/assets/js/counter-up.js
Not Found: /static/website/assets/js/jquery.appear.min.js
Not Found: /static/website/assets/js/main.js
Not Found: /static/website/assets/img/slider/slider-1.jpg
Not Found: /static/website/assets/img/slider/slider-2.jpg
Not Found: /assets/img/case/02.jpg
Not Found: /assets/img/case/03.jpg
Not Found: /assets/img/testimonial/01.jpg
Not Found: /assets/img/quote/01.jpg
Not Found: /assets/img/case/04.jpg
Not Found: /assets/img/testimonial/05.jpg
Not Found: /assets/img/testimonial/04.jpg
Not Found: /assets/img/testimonial/02.jpg
Not Found: /assets/img/partner/partners.png
Not Found: /static/website/assets/img/slider/slider-3.jpg
Not Found: /static/website/assets/img/video/video.jpg
Not Found: /assets/img/logo/logo.png
Not Found: /static/website/assets/img/logo/favicon.png
/home/pvosekui/povalogistics.pl.auremove.com/courier/tracking/static
/home/pvosekui/povalogistics.pl.auremove.com/courier/tracking/static
/home/pvosekui/povalogistics.pl.auremove.com/courier/tracking/static
Not Found: /courier/staticfiles/rest_framework/fonts/
Not Found: /static/website/assets/css/bootstrap.min.css
Not Found: /static/website/assets/css/magnific-popup.min.css
Not Found: /static/website/assets/css/owl.carousel.min.css
Not Found: /static/website/assets/css/animate.min.css
Not Found: /static/website/assets/css/flaticon.css
Not Found: /static/website/assets/css/all-fontawesome.min.css
Not Found: /static/website/assets/js/jquery-3.6.0.min.js
Not Found: /static/website/assets/css/style.css
Not Found: /static/website/assets/img/logo/logo.png
Not Found: /static/website/assets/img/logo/logo%20dark.png
Not Found: /static/website/assets/js/bootstrap.bundle.min.js
Not Found: /static/website/assets/js/modernizr.min.js
Not Found: /tracking/assets/img/logo/logo.png
Not Found: /static/website/assets/js/imagesloaded.pkgd.min.js
Not Found: /static/website/assets/img/breadcrumb/breadcrumb.jpg
Not Found: /static/website/assets/js/jquery.appear.min.js
Not Found: /static/website/assets/js/owl.carousel.min.js
Not Found: /static/website/assets/js/jquery.easing.min.js
Not Found: /static/website/assets/js/isotope.pkgd.min.js
Not Found: /static/website/assets/js/jquery.magnific-popup.min.js
Not Found: /static/website/assets/js/counter-up.js
Not Found: /static/website/assets/js/wow.min.js
Not Found: /static/website/assets/js/main.js
/home/pvosekui/povalogistics.pl.auremove.com/courier/tracking/static
/home/pvosekui/povalogistics.pl.auremove.com/courier/tracking/static
/home/pvosekui/povalogistics.pl.auremove.com/courier/tracking/static
Not Found: /static/website/assets/css/bootstrap.min.css
Not Found: /static/website/assets/css/all-fontawesome.min.css
Not Found: /static/website/assets/css/magnific-popup.min.css
Not Found: /static/website/assets/css/flaticon.css
Not Found: /static/website/assets/css/owl.carousel.min.css
Not Found: /static/website/assets/css/animate.min.css
Not Found: /static/website/assets/css/style.css
Not Found: /static/website/assets/js/jquery-3.6.0.min.js
Not Found: /static/website/assets/img/logo/logo%20dark.png
Not Found: /static/website/assets/img/logo/logo.png
Not Found: /static/website/assets/js/bootstrap.bundle.min.js
Not Found: /static/website/assets/js/modernizr.min.js
Not Found: /tracking/result/assets/img/logo/logo.png
Not Found: /static/website/assets/img/breadcrumb/breadcrumb.jpg
Not Found: /static/website/assets/js/imagesloaded.pkgd.min.js
Not Found: /static/website/assets/js/jquery.magnific-popup.min.js
Not Found: /static/website/assets/js/isotope.pkgd.min.js
Not Found: /static/website/assets/js/jquery.appear.min.js
Not Found: /static/website/assets/js/jquery.easing.min.js
Not Found: /static/website/assets/js/counter-up.js
Not Found: /static/website/assets/js/wow.min.js
Not Found: /static/website/assets/js/main.js
Not Found: /static/website/assets/js/owl.carousel.min.js
/home/pvosekui/povalogistics.pl.auremove.com/courier/tracking/static
/home/pvosekui/povalogistics.pl.auremove.com/courier/tracking/static
/home/pvosekui/povalogistics.pl.auremove.com/courier/tracking/static
Not Found: /courier/static/
Not Found: /courier/staticfiles/rest_framework/css/
Not Found: /courier/tracking/templates/
Not Found: /courier/staticfiles/admin/js/vendor/select2/
Not Found: /courier/static/website/assets/
Not Found: /courier/staticfiles/rest_framework/css/
Not Found: /courier/static/
Not Found: /courier/staticfiles/rest_framework/css/
Not Found: /courier/staticfiles/admin/js/vendor/xregexp/
Not Found: /courier/staticfiles/rest_framework/fonts/
/home/pvosekui/povalogistics.pl.auremove.com/courier/tracking/static
/home/pvosekui/povalogistics.pl.auremove.com/courier/tracking/static
/home/pvosekui/povalogistics.pl.auremove.com/courier/tracking/static
Not Found: /courier/staticfiles/rest_framework/fonts/
Not Found: /courier/staticfiles/rest_framework/
Not Found: /courier/tracking/templates/assets/js/jquery-3.6.0.min.js
/home/pvosekui/povalogistics.pl.auremove.com/courier/tracking/static
/home/pvosekui/povalogistics.pl.auremove.com/courier/tracking/static
/home/pvosekui/povalogistics.pl.auremove.com/courier/tracking/static
Not Found: /courier/static/website/
/home/pvosekui/povalogistics.pl.auremove.com/courier/tracking/static
/home/pvosekui/povalogistics.pl.auremove.com/courier/tracking/static
/home/pvosekui/povalogistics.pl.auremove.com/courier/tracking/static
Not Found: /courier/static/website/
/home/pvosekui/povalogistics.pl.auremove.com/courier/tracking/static
Not Found: /courier/staticfiles/rest_framework/docs/js/
/home/pvosekui/povalogistics.pl.auremove.com/courier/tracking/static
Not Found: /courier/tracking/templates/%7B%%20static
Not Found: /courier/staticfiles/rest_framework/
Not Found: /tracking/result/assets/img/logo/logo.png
Not Found: /assets/img/about/01.jpg
Not Found: /assets/img/about/shape.svg
Not Found: /cdn-cgi/scripts/5c5dd728/cloudflare-static/email-decode.min.html
Not Found: /assets/js/jquery-3.6.0.min.js
Not Found: /assets/img/case/01.jpg
Not Found: /assets/img/case/02.jpg
Not Found: /assets/img/case/03.jpg
Not Found: /assets/img/quote/01.jpg
Not Found: /assets/img/case/04.jpg
Not Found: /assets/img/testimonial/05.jpg
Not Found: /assets/img/testimonial/04.jpg
Not Found: /assets/img/testimonial/01.jpg
/home/pvosekui/povalogistics.pl.auremove.com/courier/tracking/static
Not Found: /assets/img/testimonial/02.jpg
Not Found: /assets/img/partner/partners.png
Not Found: /assets/img/logo/logo.png
Not Found: /assets/img/case/01.jpg
Not Found: /assets/img/case/02.jpg
/home/pvosekui/povalogistics.pl.auremove.com/courier/tracking/static
Not Found: /courier/static/website/
Not Found: /courier/static/website/assets/js/
Not Found: /courier/static/website/assets/fonts/
Not Found: /courier/staticfiles/rest_framework/
Not Found: /courier/staticfiles/rest_framework/docs/img/
Not Found: /courier/staticfiles/admin/js/vendor/jquery/
Not Found: /courier/static/website/assets/img/
Not Found: /courier/tracking/templates/assets/img/testimonial/02.jpg
Not Found: /courier/tracking/templates/%7B%%20url%20'tracking_result'%20%%7D
Not Found: /courier/tracking/templates/assets/img/testimonial/05.jpg
Not Found: /courier/tracking/templates/assets/img/testimonial/04.jpg
Not Found: /courier/tracking/templates/%7B%%20url%20'about'%20%%7D
Not Found: /courier/staticfiles/
Not Found: /courier/tracking/
Not Found: /courier/tracking/
Not Found: /courier/staticfiles/admin/css/
Not Found: /courier/tracking/templates/%7B%%20static%20'website/assets/js/counter-up.js'%20%%7D
Not Found: /courier/tracking/templates/%7B%%20static%20'website/assets/js/wow.min.js'%20%%7D
Not Found: /courier/tracking/templates/%7B%%20static%20'website/assets/js/owl.carousel.min.js'%20%%7D
Not Found: /courier/tracking/templates/%7B%%20static%20'website/assets/js/isotope.pkgd.min.js'%20%%7D
Not Found: /courier/staticfiles/admin/js/vendor/
Not Found: /courier/staticfiles/admin/js/vendor/
Not Found: /courier/staticfiles/admin/js/vendor/
Not Found: /courier/tracking/migrations/
Not Found: /courier/tracking/templates/%7B%%20static%20'website/assets/js/modernizr.min.js'%20%%7D
Not Found: /courier/tracking/templates/%7B%%20static%20'website/assets/js/jquery.appear.min.js'%20%%7D
Not Found: /courier/staticfiles/
Not Found: /courier/tracking/templates/assets/img/about/shape.svg
Not Found: /courier/staticfiles/admin/js/
Not Found: /courier/tracking/templates/%7B%%20static%20'website/assets/js/jquery.easing.min.js'%20%%7D
Not Found: /courier/staticfiles/
Not Found: /courier/tracking/templates/%7B%%20url%20'contact'%20%%7D
/home/pvosekui/povalogistics.pl.auremove.com/courier/tracking/static
/home/pvosekui/povalogistics.pl.auremove.com/courier/tracking/static
Not Found: /courier/tracking/templates/assets/img/testimonial/01.jpg
/home/pvosekui/povalogistics.pl.auremove.com/courier/tracking/static
Not Found: /courier/tracking/
Not Found: /courier/tracking/templates/%7B%%20static%20'website/assets/img/logo/favicon.png'%20%%7D
Not Found: /courier/tracking/templates/%7B%%20static%20'website/assets/js/imagesloaded.pkgd.min.js'%20%%7D
Not Found: /courier/tracking/templates/%7B%%20static%20'website/assets/js/main.js'%20%%7D
Not Found: /courier/tracking/templates/%7B%%20static%20'website/assets/js/bootstrap.bundle.min.js'%20%%7D
Not Found: /courier/tracking/templates/assets/img/logo/logo.png
Not Found: /courier/tracking/templates/assets/img/partner/partners.png
Not Found: /courier/tracking/templates/%7B%%20static%20'website/assets/img/logo/logo.png'%20%%7D
Not Found: /courier/tracking/templates/%7B%%20static%20'website/assets/js/jquery.magnific-popup.min.js'%20%%7D
Not Found: /courier/staticfiles/admin/img/
Not Found: /courier/staticfiles/admin/img/
Not Found: /courier/staticfiles/admin/js/
Not Found: /courier/staticfiles/admin/js/
Not Found: /courier/staticfiles/admin/js/
Not Found: /courier/staticfiles/admin/
Not Found: /courier/static/website/
Not Found: /courier/static/website/
Not Found: /courier/staticfiles/rest_framework/js/
Not Found: /courier/staticfiles/rest_framework/js/
/home/pvosekui/povalogistics.pl.auremove.com/courier/tracking/static
Not Found: /courier/static/website/
Not Found: /courier/staticfiles/rest_framework/js/
Not Found: /courier/staticfiles/rest_framework/img/
Not Found: /courier/staticfiles/rest_framework/js/
Not Found: /courier/staticfiles/rest_framework/img/
Not Found: /courier/staticfiles/rest_framework/img/
Not Found: /courier/staticfiles/rest_framework/
Not Found: /courier/tracking/__pycache__/
Not Found: /courier/staticfiles/rest_framework/
Not Found: /courier/tracking/migrations/
Not Found: /courier/tracking/migrations/
Not Found: /courier/staticfiles/rest_framework/docs/
Not Found: /courier/staticfiles/rest_framework/
Not Found: /courier/tracking/migrations/
Not Found: /courier/staticfiles/rest_framework/docs/
Not Found: /courier/staticfiles/rest_framework/docs/
Not Found: /courier/staticfiles/rest_framework/docs/
Not Found: /courier/staticfiles/rest_framework/fonts/
Not Found: /courier/staticfiles/rest_framework/fonts/
Not Found: /courier/static/website/assets/
Not Found: /courier/staticfiles/rest_framework/fonts/
Not Found: /courier/static/website/assets/
Not Found: /courier/staticfiles/rest_framework/img/
Not Found: /courier/tracking/__pycache__/
Not Found: /courier/static/website/assets/
Not Found: /courier/tracking/__pycache__/
Not Found: /courier/staticfiles/rest_framework/js/
Not Found: /courier/tracking/__pycache__/
Not Found: /courier/tracking/migrations/__pycache__/
Not Found: /courier/tracking/migrations/__pycache__/
Not Found: /courier/staticfiles/
Not Found: /courier/tracking/migrations/__pycache__/
Not Found: /courier/staticfiles/rest_framework/js/
Not Found: /courier/static/website/assets/css/
Not Found: /courier/staticfiles/rest_framework/css/
Not Found: /courier/staticfiles/rest_framework/docs/css/
Not Found: /courier/staticfiles/
Not Found: /courier/staticfiles/admin/css/
Not Found: /courier/staticfiles/
Not Found: /courier/tracking/templates/%7B%%20static%20'website/assets/css/flaticon.css'%20%%7D
Not Found: /courier/tracking/templates/%7B%%20static%20'website/assets/css/bootstrap.min.css'%20%%7D
Not Found: /courier/tracking/templates/%7B%%20static%20'website/assets/css/style.css'%20%%7D
Not Found: /courier/tracking/templates/%7B%%20static%20'website/assets/css/animate.min.css'%20%%7D
Not Found: /courier/tracking/templates/%7B%%20static%20'website/assets/css/owl.carousel.min.css'%20%%7D
Not Found: /courier/tracking/templates/%7B%%20static%20'website/assets/css/magnific-popup.min.css'%20%%7D
Not Found: /courier/tracking/templates/%7B%%20static%20'website/assets/css/all-fontawesome.min.css'%20%%7D
Not Found: /courier/tracking/templates/%7B%%20static%20'website/assets/img/logo/logo%20dark.png'%20%%7D
Not Found: /courier/staticfiles/admin/
Not Found: /courier/staticfiles/admin/img/
Not Found: /courier/staticfiles/admin/img/
Not Found: /courier/tracking/templates/%7B%%20static%20'website/assets/js/jquery-3.6.0.min.js'%20%%7D
Not Found: /courier/staticfiles/admin/
/home/pvosekui/povalogistics.pl.auremove.com/courier/tracking/static
/home/pvosekui/povalogistics.pl.auremove.com/courier/tracking/static
/home/pvosekui/povalogistics.pl.auremove.com/courier/tracking/static
/home/pvosekui/povalogistics.pl.auremove.com/courier/tracking/static
/home/pvosekui/povalogistics.pl.auremove.com/courier/tracking/static
/home/pvosekui/povalogistics.pl.auremove.com/courier/tracking/static
Not Found: /cdn-cgi/scripts/5c5dd728/cloudflare-static/email-decode.min.html
Not Found: /assets/img/about/01.jpg
Not Found: /assets/img/about/shape.svg
Not Found: /assets/img/case/01.jpg
Not Found: /assets/js/jquery-3.6.0.min.js
Not Found: /assets/img/case/02.jpg
Not Found: /assets/img/case/03.jpg
Not Found: /assets/img/case/04.jpg
Not Found: /assets/img/testimonial/01.jpg
Not Found: /assets/img/quote/01.jpg
Not Found: /assets/img/testimonial/05.jpg
Not Found: /assets/img/testimonial/04.jpg
Not Found: /assets/img/testimonial/02.jpg
Not Found: /assets/img/logo/logo.png
Not Found: /assets/img/partner/partners.png
Not Found: /assets/img/case/01.jpg
/home/pvosekui/povalogistics.pl.auremove.com/courier/tracking/static
Not Found: /assets/img/about/01.jpg
Not Found: /cdn-cgi/scripts/5c5dd728/cloudflare-static/email-decode.min.html
Not Found: /assets/img/testimonial/04.jpg
Not Found: /assets/img/testimonial/05.jpg
Not Found: /assets/img/testimonial/02.jpg
Not Found: /assets/img/case/04.jpg
Not Found: /assets/img/partner/partners.png
Not Found: /assets/img/case/02.jpg
Not Found: /assets/img/logo/logo.png
Not Found: /assets/img/quote/01.jpg
Not Found: /assets/img/testimonial/01.jpg
Not Found: /assets/img/case/03.jpg
Not Found: /assets/img/about/shape.svg
Not Found: /assets/img/case/01.jpg
Not Found: /assets/js/jquery-3.6.0.min.js
/home/pvosekui/povalogistics.pl.auremove.com/courier/tracking/static
/home/pvosekui/povalogistics.pl.auremove.com/courier/tracking/static
/home/pvosekui/povalogistics.pl.auremove.com/courier/tracking/static
Not Found: /assets/img/case/01.jpg
Not Found: /assets/img/case/04.jpg
Not Found: /assets/img/testimonial/05.jpg
Not Found: /assets/img/testimonial/02.jpg
Not Found: /assets/img/case/02.jpg
/home/pvosekui/povalogistics.pl.auremove.com/courier/tracking/static
/home/pvosekui/povalogistics.pl.auremove.com/courier/tracking/static
/home/pvosekui/povalogistics.pl.auremove.com/courier/tracking/static
Not Found: /tracking/assets/img/logo/logo.png
Not Found: /tracking/result/assets/img/logo/logo.png
/home/pvosekui/povalogistics.pl.auremove.com/courier/tracking/static
/home/pvosekui/povalogistics.pl.auremove.com/courier/tracking/static
/home/pvosekui/povalogistics.pl.auremove.com/courier/tracking/static
/home/pvosekui/povalogistics.pl.auremove.com/courier/tracking/static
/home/pvosekui/povalogistics.pl.auremove.com/courier/tracking/static
/home/pvosekui/povalogistics.pl.auremove.com/courier/tracking/static
/home/pvosekui/povalogistics.pl.auremove.com/courier/tracking/static
/home/pvosekui/povalogistics.pl.auremove.com/courier/tracking/static
Not Found: /cdn-cgi/scripts/5c5dd728/cloudflare-static/email-decode.min.html
Not Found: /assets/img/case/01.jpg
Not Found: /assets/js/jquery-3.6.0.min.js
Not Found: /assets/img/about/01.jpg
Not Found: /assets/img/about/shape.svg
Not Found: /assets/img/case/02.jpg
Not Found: /static/assets/img/testimonial/05.jpg
Not Found: /assets/img/quote/01.jpg
Not Found: /assets/img/logo/logo.png
Not Found: /static/assets/img/testimonial/04.jpg
Not Found: /assets/img/case/03.jpg
Not Found: /assets/img/case/04.jpg
Not Found: /static/assets/img/testimonial/01.jpg
Not Found: /static/assets/img/partner/partners.png
Not Found: /static/assets/img/testimonial/04.jpg
Not Found: /assets/img/case/02.jpg
Not Found: /assets/img/case/01.jpg
Not Found: /static/assets/img/testimonial/05.jpg
/home/pvosekui/povalogistics.pl.auremove.com/courier/tracking/static
/home/pvosekui/povalogistics.pl.auremove.com/courier/tracking/static
/home/pvosekui/povalogistics.pl.auremove.com/courier/tracking/static
/home/pvosekui/povalogistics.pl.auremove.com/courier/tracking/static
Not Found: /tracking/assets/img/logo/logo.png
Not Found: /assets/img/about/01.jpg
Not Found: /assets/img/case/01.jpg
Not Found: /assets/img/case/02.jpg
Not Found: /assets/img/about/shape.svg
Not Found: /assets/img/case/03.jpg
Not Found: /assets/img/case/04.jpg
Not Found: /static/assets/img/testimonial/04.jpg
Not Found: /static/assets/img/testimonial/01.jpg
Not Found: /static/assets/img/testimonial/05.jpg
Not Found: /assets/img/quote/01.jpg
Not Found: /assets/js/jquery-3.6.0.min.js
Not Found: /assets/img/logo/logo.png
Not Found: /static/assets/img/partner/partners.png
Not Found: /cdn-cgi/scripts/5c5dd728/cloudflare-static/email-decode.min.html
Not Found: /static/assets/img/testimonial/04.jpg
Not Found: /static/assets/img/testimonial/05.jpg
Not Found: /static/assets/img/testimonial/01.jpg
Not Found: /assets/img/case/01.jpg
Not Found: /assets/img/case/04.jpg
Not Found: /assets/img/case/02.jpg
Not Found: /assets/img/case/03.jpg
/home/pvosekui/povalogistics.pl.auremove.com/courier/tracking/static
/home/pvosekui/povalogistics.pl.auremove.com/courier/tracking/static
/home/pvosekui/povalogistics.pl.auremove.com/courier/tracking/static
Not Found: /cdn-cgi/scripts/5c5dd728/cloudflare-static/email-decode.min.html
Not Found: /assets/img/about/01.jpg
Not Found: /assets/js/jquery-3.6.0.min.js
Not Found: /assets/img/about/shape.svg
Not Found: /assets/img/case/01.jpg
Not Found: /assets/img/case/03.jpg
Not Found: /assets/img/case/04.jpg
Not Found: /assets/img/case/02.jpg
Not Found: /static/assets/img/testimonial/04.jpg
Not Found: /static/assets/img/testimonial/01.jpg
Not Found: /assets/img/quote/01.jpg
Not Found: /static/assets/img/testimonial/05.jpg
Not Found: /static/assets/img/partner/partners.png
Not Found: /assets/img/logo/logo.png
Not Found: /assets/img/case/02.jpg
Not Found: /assets/img/case/03.jpg
Not Found: /assets/img/case/01.jpg
Not Found: /assets/img/case/04.jpg
/home/pvosekui/povalogistics.pl.auremove.com/courier/tracking/static
Not Found: /tracking/assets/img/logo/logo.png
/home/pvosekui/povalogistics.pl.auremove.com/courier/tracking/static
Not Found: /tracking/result/assets/img/logo/logo.png
/home/pvosekui/povalogistics.pl.auremove.com/courier/tracking/static
/home/pvosekui/povalogistics.pl.auremove.com/courier/tracking/static
/home/pvosekui/povalogistics.pl.auremove.com/courier/tracking/static
/home/pvosekui/povalogistics.pl.auremove.com/courier/tracking/static
/home/pvosekui/povalogistics.pl.auremove.com/courier/tracking/static
/home/pvosekui/povalogistics.pl.auremove.com/courier/tracking/static
/home/pvosekui/povalogistics.pl.auremove.com/courier/tracking/static
/home/pvosekui/povalogistics.pl.auremove.com/courier/tracking/static
Not Found: /tracking/result/assets/img/logo/logo.png
/home/pvosekui/povalogistics.pl.auremove.com/courier/tracking/static
/home/pvosekui/povalogistics.pl.auremove.com/courier/tracking/static
/home/pvosekui/povalogistics.pl.auremove.com/courier/tracking/static
/home/pvosekui/povalogistics.pl.auremove.com/courier/tracking/static
Not Found: /cdn-cgi/scripts/5c5dd728/cloudflare-static/email-decode.min.html
Not Found: /assets/js/jquery-3.6.0.min.js
Not Found: /static/assets/img/about/01.jpg
Not Found: /assets/img/about/shape.svg
Not Found: /static/assets/img/case/01.jpg
Not Found: /cdn-cgi/scripts/5c5dd728/cloudflare-static/email-decode.min.html
Not Found: /static/assets/img/case/03.jpg
Not Found: /static/assets/img/case/04.jpg
Not Found: /static/assets/img/case/02.jpg
Not Found: /assets/img/quote/01.jpg
Not Found: /static/assets/img/testimonial/04.jpg
Not Found: /static/assets/img/testimonial/05.jpg
Not Found: /static/assets/img/testimonial/01.jpg
Not Found: /assets/js/jquery-3.6.0.min.js
Not Found: /static/assets/img/about/01.jpg
Not Found: /assets/img/about/shape.svg
Not Found: /static/assets/img/case/01.jpg
Not Found: /static/assets/img/logo/logo.png
Not Found: /static/assets/img/case/03.jpg
Not Found: /static/assets/img/case/02.jpg
Not Found: /static/assets/img/case/04.jpg
Not Found: /assets/img/quote/01.jpg
Not Found: /static/assets/img/testimonial/01.jpg
Not Found: /static/assets/img/testimonial/05.jpg
Not Found: /static/assets/img/testimonial/04.jpg
Not Found: /static/assets/img/logo/logo.png
Not Found: /static/assets/img/case/01.jpg
Not Found: /static/assets/img/case/02.jpg
Not Found: /static/assets/img/case/03.jpg
Not Found: /static/assets/img/case/01.jpg
Not Found: /static/assets/img/case/03.jpg
Not Found: /static/assets/img/case/02.jpg
Not Found: /static/assets/img/case/04.jpg
/home/pvosekui/povalogistics.pl.auremove.com/courier/tracking/static
/home/pvosekui/povalogistics.pl.auremove.com/courier/tracking/static
/home/pvosekui/povalogistics.pl.auremove.com/courier/tracking/static
/home/pvosekui/povalogistics.pl.auremove.com/courier/tracking/static
/home/pvosekui/povalogistics.pl.auremove.com/courier/tracking/static
/home/pvosekui/povalogistics.pl.auremove.com/courier/tracking/static
Not Found: /static/assets/img/case/04.jpg
Not Found: /static/assets/img/about/01.jpg
Not Found: /static/assets/img/case/02.jpg
Not Found: /static/assets/img/logo/logo.png
Not Found: /static/assets/img/case/03.jpg
Not Found: /static/assets/img/case/01.jpg
/home/pvosekui/povalogistics.pl.auremove.com/courier/tracking/static
/home/pvosekui/povalogistics.pl.auremove.com/courier/tracking/static
/home/pvosekui/povalogistics.pl.auremove.com/courier/tracking/static
Not Found: /static/assets/img/about/01.jpg
Not Found: /assets/img/about/shape.svg
Not Found: /cdn-cgi/scripts/5c5dd728/cloudflare-static/email-decode.min.html
Not Found: /static/assets/img/case/01.jpg
Not Found: /assets/js/jquery-3.6.0.min.js
/home/pvosekui/povalogistics.pl.auremove.com/courier/tracking/static
Not Found: /static/assets/img/case/03.jpg
Not Found: /static/assets/img/case/02.jpg
Not Found: /static/assets/img/logo/logo.png
Not Found: /static/assets/img/case/04.jpg
Not Found: /assets/img/quote/01.jpg
Not Found: /static/assets/img/testimonial/05.jpg
Not Found: /static/assets/img/testimonial/04.jpg
Not Found: /static/assets/img/testimonial/01.jpg
/home/pvosekui/povalogistics.pl.auremove.com/courier/tracking/static
Not Found: /static/assets/img/case/01.jpg
Not Found: /static/assets/img/case/02.jpg
Not Found: /static/assets/img/case/03.jpg
Not Found: /cdn-cgi/scripts/5c5dd728/cloudflare-static/email-decode.min.html
Not Found: /assets/img/about/shape.svg
Not Found: /static/assets/img/about/01.jpg
Not Found: /static/assets/img/case/01.jpg
Not Found: /assets/js/jquery-3.6.0.min.js
Not Found: /static/assets/img/case/02.jpg
/home/pvosekui/povalogistics.pl.auremove.com/courier/tracking/static
/home/pvosekui/povalogistics.pl.auremove.com/courier/tracking/static
/home/pvosekui/povalogistics.pl.auremove.com/courier/tracking/static
Not Found: /static/assets/img/case/03.jpg
Not Found: /assets/img/quote/01.jpg
Not Found: /static/assets/img/case/04.jpg
Not Found: /static/assets/img/testimonial/04.jpg
Not Found: /static/assets/img/testimonial/01.jpg
Not Found: /static/assets/img/logo/logo.png
Not Found: /static/assets/img/testimonial/05.jpg
Not Found: /static/assets/img/case/01.jpg
Not Found: /static/assets/img/case/02.jpg
Not Found: /static/assets/img/case/03.jpg
Not Found: /static/assets/img/case/04.jpg
/home/pvosekui/povalogistics.pl.auremove.com/courier/tracking/static
/home/pvosekui/povalogistics.pl.auremove.com/courier/tracking/static
/home/pvosekui/povalogistics.pl.auremove.com/courier/tracking/static
Not Found: /cdn-cgi/scripts/5c5dd728/cloudflare-static/email-decode.min.html
Not Found: /static/assets/img/about/01.jpg
Not Found: /assets/img/about/shape.svg
Not Found: /static/assets/img/case/01.jpg
Not Found: /assets/js/jquery-3.6.0.min.js
Not Found: /static/assets/img/case/02.jpg
Not Found: /static/assets/img/case/03.jpg
Not Found: /static/assets/img/testimonial/01.jpg
Not Found: /assets/img/quote/01.jpg
Not Found: /static/assets/img/case/04.jpg
Not Found: /static/assets/img/testimonial/04.jpg
Not Found: /static/assets/img/testimonial/05.jpg
Not Found: /static/assets/img/logo/logo.png
Not Found: /static/assets/img/case/01.jpg
/home/pvosekui/povalogistics.pl.auremove.com/courier/tracking/static
/home/pvosekui/povalogistics.pl.auremove.com/courier/tracking/static
Not Found: /assets/img/about/shape.svg
Not Found: /static/assets/img/about/01.jpg
Not Found: /static/assets/img/case/01.jpg
Not Found: /assets/js/jquery-3.6.0.min.js
Not Found: /cdn-cgi/scripts/5c5dd728/cloudflare-static/email-decode.min.html
Not Found: /static/assets/img/case/03.jpg
Not Found: /static/assets/img/case/02.jpg
Not Found: /static/assets/img/case/04.jpg
Not Found: /static/assets/img/testimonial/05.jpg
Not Found: /static/assets/img/testimonial/01.jpg
Not Found: /static/assets/img/testimonial/04.jpg
Not Found: /assets/img/quote/01.jpg
Not Found: /static/assets/img/logo/logo.png
Not Found: /static/assets/img/case/02.jpg
Not Found: /static/assets/img/case/01.jpg
Not Found: /static/assets/img/case/03.jpg
Not Found: /static/assets/img/case/04.jpg
/home/pvosekui/povalogistics.pl.auremove.com/courier/tracking/static
/home/pvosekui/povalogistics.pl.auremove.com/courier/tracking/static
/home/pvosekui/povalogistics.pl.auremove.com/courier/tracking/static
Not Found: /cdn-cgi/scripts/5c5dd728/cloudflare-static/email-decode.min.html
Not Found: /static/assets/img/about/01.jpg
Not Found: /static/assets/img/case/01.jpg
Not Found: /assets/img/about/shape.svg
Not Found: /static/assets/img/case/02.jpg
Not Found: /assets/js/jquery-3.6.0.min.js
Not Found: /static/assets/img/case/03.jpg
Not Found: /assets/img/quote/01.jpg
Not Found: /static/assets/img/case/04.jpg
Not Found: /static/assets/img/testimonial/01.jpg
Not Found: /static/assets/img/logo/logo.png
Not Found: /static/assets/img/testimonial/04.jpg
Not Found: /static/assets/img/testimonial/05.jpg
Not Found: /static/assets/img/case/01.jpg
Not Found: /static/assets/img/case/02.jpg
/home/pvosekui/povalogistics.pl.auremove.com/courier/tracking/static
/home/pvosekui/povalogistics.pl.auremove.com/courier/tracking/static
/home/pvosekui/povalogistics.pl.auremove.com/courier/tracking/static
/home/pvosekui/povalogistics.pl.auremove.com/courier/tracking/static
/home/pvosekui/povalogistics.pl.auremove.com/courier/tracking/static
/home/pvosekui/povalogistics.pl.auremove.com/courier/tracking/static
/home/pvosekui/povalogistics.pl.auremove.com/courier/tracking/static
Not Found: /static/assets/img/about/01.jpg
Not Found: /assets/img/about/shape.svg
Not Found: /static/assets/img/case/01.jpg
/home/pvosekui/povalogistics.pl.auremove.com/courier/tracking/static
/home/pvosekui/povalogistics.pl.auremove.com/courier/tracking/static
/home/pvosekui/povalogistics.pl.auremove.com/courier/tracking/static
Not Found: /assets/js/jquery-3.6.0.min.js
Not Found: /cdn-cgi/scripts/5c5dd728/cloudflare-static/email-decode.min.html
Not Found: /static/assets/img/case/04.jpg
Not Found: /static/assets/img/case/02.jpg
Not Found: /static/assets/img/case/03.jpg
Not Found: /assets/img/quote/01.jpg
Not Found: /static/assets/img/testimonial/01.jpg
Not Found: /static/assets/img/testimonial/05.jpg
Not Found: /static/assets/img/testimonial/04.jpg
Not Found: /static/assets/img/logo/logo.png
Not Found: /static/assets/img/case/01.jpg
Not Found: /static/assets/img/case/02.jpg
Not Found: /static/assets/img/case/03.jpg
Not Found: /static/assets/img/case/04.jpg
Not Found: /cdn-cgi/scripts/5c5dd728/cloudflare-static/email-decode.min.html
Not Found: /assets/img/about/shape.svg
Not Found: /static/assets/img/about/01.jpg
Not Found: /static/assets/img/case/01.jpg
Not Found: /assets/js/jquery-3.6.0.min.js
Not Found: /static/assets/img/case/02.jpg
Not Found: /static/assets/img/case/03.jpg
Not Found: /assets/img/quote/01.jpg
Not Found: /static/assets/img/case/04.jpg
Not Found: /static/assets/img/testimonial/01.jpg
Not Found: /static/assets/img/testimonial/05.jpg
Not Found: /static/assets/img/testimonial/04.jpg
Not Found: /static/assets/img/logo/logo.png
Not Found: /static/assets/img/case/01.jpg
Not Found: /static/assets/img/testimonial/04.jpg
Not Found: /static/assets/img/testimonial/01.jpg
Not Found: /static/assets/img/testimonial/05.jpg
Not Found: /static/assets/img/case/01.jpg
Not Found: /static/assets/img/case/02.jpg
Not Found: /static/assets/img/case/03.jpg
Not Found: /static/assets/img/case/04.jpg
/home/pvosekui/povalogistics.pl.auremove.com/courier/tracking/static
/home/pvosekui/povalogistics.pl.auremove.com/courier/tracking/static
/home/pvosekui/povalogistics.pl.auremove.com/courier/tracking/static
Not Found: /static/assets/img/testimonial/01.jpg
Not Found: /favicon.ico
/home/pvosekui/povalogistics.pl.auremove.com/courier/tracking/static
/home/pvosekui/povalogistics.pl.auremove.com/courier/tracking/static
/home/pvosekui/povalogistics.pl.auremove.com/courier/tracking/static
/home/pvosekui/povalogistics.pl.auremove.com/courier/tracking/static
/home/pvosekui/povalogistics.pl.auremove.com/courier/tracking/static
Not Found: /static/assets/img/testimonial/01.jpg
/home/pvosekui/povalogistics.pl.auremove.com/courier/tracking/static
/home/pvosekui/povalogistics.pl.auremove.com/courier/tracking/static
